  1018.cpp
  1021.cpp
  1100.cpp
  11047.cpp
  11066.cpp
  11399.cpp
  1158.cpp
  11726.cpp
  1436.cpp
  1541.cpp
C:\Users\XPS\Desktop\GitHub\Baekjoon-Judge\1541.cpp(9,6): warning C4101:  '_Number' :참조되지 않은 지역 변수입니다.
  2164.cpp
  2231.cpp
  2263.cpp
  2309.cpp
  2747.cpp
  2839.cpp
  7568.cpp
  9012.cpp
  9461.cpp
  CodingSpace.cpp
  코드를 생성하고 있습니다...
  컴파일하고 있습니다...
  1011.cpp
  10773.cpp
  15483.cpp
C:\Users\XPS\Desktop\GitHub\Baekjoon-Judge\1541.cpp(10,7): warning C4101:  '_Oper' :참조되지 않은 지역 변수입니다.
C:\Users\XPS\Desktop\GitHub\Baekjoon-Judge\Baekjoon-Judge-Project\15483.cpp(41,29): warning C4267:  '=': 'size_t'에서 'int'(으)로 변환하면서 데이터가 손실될 수 있습니다.
  1931.cpp
  1946(timelimitexceeded).cpp
  9251.cpp
  recursion_bubble(6.2).cpp
  recursion_PICNIC(6.2).cpp
  코드를 생성하고 있습니다...
C:\Users\XPS\Desktop\GitHub\Baekjoon-Judge\Baekjoon-Judge-Project\15483.cpp(45,29): warning C4267:  '=': 'size_t'에서 'int'(으)로 변환하면서 데이터가 손실될 수 있습니다.
1021.obj : error LNK2005: main이(가) 1018.obj에 이미 정의되어 있습니다.
1100.obj : error LNK2005: main이(가) 1018.obj에 이미 정의되어 있습니다.
11047.obj : error LNK2005: main이(가) 1018.obj에 이미 정의되어 있습니다.
11066.obj : error LNK2005: main이(가) 1018.obj에 이미 정의되어 있습니다.
11399.obj : error LNK2005: main이(가) 1018.obj에 이미 정의되어 있습니다.
1158.obj : error LNK2005: main이(가) 1018.obj에 이미 정의되어 있습니다.
11726.obj : error LNK2005: main이(가) 1018.obj에 이미 정의되어 있습니다.
1436.obj : error LNK2005: main이(가) 1018.obj에 이미 정의되어 있습니다.
1541.obj : error LNK2005: main이(가) 1018.obj에 이미 정의되어 있습니다.
2164.obj : error LNK2005: main이(가) 1018.obj에 이미 정의되어 있습니다.
2231.obj : error LNK2005: main이(가) 1018.obj에 이미 정의되어 있습니다.
2263.obj : error LNK2005: main이(가) 1018.obj에 이미 정의되어 있습니다.
2309.obj : error LNK2005: main이(가) 1018.obj에 이미 정의되어 있습니다.
2747.obj : error LNK2005: main이(가) 1018.obj에 이미 정의되어 있습니다.
2839.obj : error LNK2005: main이(가) 1018.obj에 이미 정의되어 있습니다.
7568.obj : error LNK2005: main이(가) 1018.obj에 이미 정의되어 있습니다.
9012.obj : error LNK2005: main이(가) 1018.obj에 이미 정의되어 있습니다.
9461.obj : error LNK2005: main이(가) 1018.obj에 이미 정의되어 있습니다.
1011.obj : error LNK2005: main이(가) 1018.obj에 이미 정의되어 있습니다.
10773.obj : error LNK2005: main이(가) 1018.obj에 이미 정의되어 있습니다.
15483.obj : error LNK2005: main이(가) 1018.obj에 이미 정의되어 있습니다.
1931.obj : error LNK2005: main이(가) 1018.obj에 이미 정의되어 있습니다.
1946(timelimitexceeded).obj : error LNK2005: main이(가) 1018.obj에 이미 정의되어 있습니다.
9251.obj : error LNK2005: main이(가) 1018.obj에 이미 정의되어 있습니다.
recursion_bubble(6.2).obj : error LNK2005: main이(가) 1018.obj에 이미 정의되어 있습니다.
recursion_PICNIC(6.2).obj : error LNK2005: main이(가) 1018.obj에 이미 정의되어 있습니다.
C:\Users\XPS\Desktop\GitHub\Baekjoon-Judge\Baekjoon-Judge-Project\x64\Debug\Baekjoon-Judge-Project.exe : fatal error LNK1169: 여러 번 정의된 기호가 있습니다.
